<?xml version="1.0" encoding="UTF-8"?>
<!-- Generated by org.testng.reporters.JUnitXMLReporter -->
<testsuite ignored="0" hostname="Dimple-laptop" failures="0" tests="5" name="Surefire test" time="5.401" errors="0" timestamp="2024-05-22T14:56:17 GMT-04:00">
  <testcase classname="api.test.UserTests" name="testCreateUserObject" time="2.845"/>
  <testcase classname="api.test.UserTests" name="testGetById" time="0.493"/>
  <testcase classname="api.test.UserTests" name="testGetUserByUserName" time="0.441"/>
  <testcase classname="api.test.UserTests" name="testUpdateUserObject" time="0.54"/>
  <testcase classname="api.test.UserTests" name="testDeleteUserByIDObject" time="0.439"/>
</testsuite> <!-- Surefire test -->
