<?xml version="1.0" encoding="UTF-8"?>
<!-- Generated by org.testng.reporters.JUnitXMLReporter -->
<testsuite ignored="0" hostname="Dimple-laptop" failures="0" tests="23" name="Test" time="35.793" errors="0" timestamp="2024-05-28T11:21:35 GMT-04:00">
  <testcase classname="api.test.jsonSchemaValidation" name="jsonSchemavalidation" time="4.423"/>
  <testcase classname="api.test.Authentication" name="testBasicAuthentication" time="1.852"/>
  <testcase classname="api.test.Authentication" name="testDigestAuthentication" time="1.627"/>
  <testcase classname="api.test.Authentication" name="testPreemptiveAuthentication" time="1.607"/>
  <testcase classname="api.test.Authentication" name="testBasicAuthenticationInvalid" time="0.428"/>
  <testcase classname="api.test.UserTests2" name="testCreateUserObject" time="1.647"/>
  <testcase classname="api.test.UserTests2" name="testGetById" time="0.44"/>
  <testcase classname="api.test.UserTests2" name="testGetUserByUserName" time="0.393"/>
  <testcase classname="api.test.UserTests2" name="testUpdateUserObject" time="0.554"/>
  <testcase classname="api.test.UserTests2" name="testDeleteUserByIDObject" time="0.427"/>
  <testcase classname="api.test.userPOSTInvalidTest" name="testPOSTInvalidRequests" time="7.991"/>
  <testcase classname="api.test.getInvalidTest" name="testGetUserWithInvalidId" time="0.431"/>
  <testcase classname="api.test.getInvalidTest" name="testGetUserWithInvalidId" time="0.43"/>
  <testcase classname="api.test.getInvalidTest" name="testGetUserWithInvalidIdAlphaNum" time="0.42"/>
  <testcase classname="api.test.getInvalidTest" name="testGetUserWithInvalidIdAlphaNum" time="0.432"/>
  <testcase classname="api.test.getInvalidTest" name="testGetUserWithoneInvalidId" time="0.41"/>
  <testcase classname="api.test.userUpdateInvalidTest" name="testPutRequests" time="7.989"/>
  <testcase classname="api.test.userUpdateInvalidTest" name="testUsingUserObject" time="0.562"/>
  <testcase classname="api.test.userUpdateInvalidTest" name="testDeleteUserByIDObject" time="0.507"/>
  <testcase classname="api.test.deleteInvalidTest" name="testGetUserWithInvalidId" time="0.405"/>
  <testcase classname="api.test.deleteInvalidTest" name="testGetUserWithInvalidId" time="0.39"/>
  <testcase classname="api.test.deleteInvalidTest" name="testGetUserWithInvalidIdAlphaNum" time="0.447"/>
  <testcase classname="api.test.deleteInvalidTest" name="testGetUserWithInvalidIdAlphaNum" time="0.44"/>
</testsuite> <!-- Test -->
