<?xml version="1.0" encoding="UTF-8"?>
<!-- Generated by org.testng.reporters.JUnitXMLReporter -->
<testsuite ignored="0" hostname="Dimple-laptop" failures="0" tests="23" name="Test" time="34.478" errors="0" timestamp="2024-05-24T09:56:38 GMT-04:00">
  <testcase classname="api.test.jsonSchemaValidation" name="jsonSchemavalidation" time="4.004"/>
  <testcase classname="api.test.Authentication" name="testBasicAuthentication" time="1.53"/>
  <testcase classname="api.test.Authentication" name="testDigestAuthentication" time="1.365"/>
  <testcase classname="api.test.Authentication" name="testPreemptiveAuthentication" time="1.352"/>
  <testcase classname="api.test.Authentication" name="testBasicAuthenticationInvalid" time="0.429"/>
  <testcase classname="api.test.UserTests2" name="testCreateUserObject" time="1.573"/>
  <testcase classname="api.test.UserTests2" name="testGetById" time="0.431"/>
  <testcase classname="api.test.UserTests2" name="testGetUserByUserName" time="0.453"/>
  <testcase classname="api.test.UserTests2" name="testUpdateUserObject" time="0.53"/>
  <testcase classname="api.test.UserTests2" name="testDeleteUserByIDObject" time="0.417"/>
  <testcase classname="api.test.userPOSTInvalidTest" name="testPOSTInvalidRequests" time="8.084"/>
  <testcase classname="api.test.getInvalidTest" name="testGetUserWithInvalidId" time="0.419"/>
  <testcase classname="api.test.getInvalidTest" name="testGetUserWithInvalidId" time="0.417"/>
  <testcase classname="api.test.getInvalidTest" name="testGetUserWithInvalidIdAlphaNum" time="0.428"/>
  <testcase classname="api.test.getInvalidTest" name="testGetUserWithInvalidIdAlphaNum" time="0.434"/>
  <testcase classname="api.test.getInvalidTest" name="testGetUserWithoneInvalidId" time="0.412"/>
  <testcase classname="api.test.userUpdateInvalidTest" name="testPutRequests" time="8.025"/>
  <testcase classname="api.test.userUpdateInvalidTest" name="testUsingUserObject" time="0.557"/>
  <testcase classname="api.test.userUpdateInvalidTest" name="testDeleteUserByIDObject" time="0.446"/>
  <testcase classname="api.test.deleteInvalidTest" name="testGetUserWithInvalidId" time="0.414"/>
  <testcase classname="api.test.deleteInvalidTest" name="testGetUserWithInvalidId" time="0.513"/>
  <testcase classname="api.test.deleteInvalidTest" name="testGetUserWithInvalidIdAlphaNum" time="0.402"/>
  <testcase classname="api.test.deleteInvalidTest" name="testGetUserWithInvalidIdAlphaNum" time="0.39"/>
</testsuite> <!-- Test -->
