<?xml version="1.0" encoding="UTF-8"?>
<!-- Generated by org.testng.reporters.JUnitXMLReporter -->
<testsuite ignored="0" hostname="Dimple-laptop" failures="0" tests="23" name="Test" time="36.349" errors="0" timestamp="2024-05-24T10:39:06 GMT-04:00">
  <testcase classname="api.test.jsonSchemaValidation" name="jsonSchemavalidation" time="3.942"/>
  <testcase classname="api.test.Authentication" name="testBasicAuthentication" time="1.642"/>
  <testcase classname="api.test.Authentication" name="testDigestAuthentication" time="1.617"/>
  <testcase classname="api.test.Authentication" name="testPreemptiveAuthentication" time="1.454"/>
  <testcase classname="api.test.Authentication" name="testBasicAuthenticationInvalid" time="0.409"/>
  <testcase classname="api.test.UserTests2" name="testCreateUserObject" time="1.596"/>
  <testcase classname="api.test.UserTests2" name="testGetById" time="0.424"/>
  <testcase classname="api.test.UserTests2" name="testGetUserByUserName" time="0.516"/>
  <testcase classname="api.test.UserTests2" name="testUpdateUserObject" time="0.765"/>
  <testcase classname="api.test.UserTests2" name="testDeleteUserByIDObject" time="0.543"/>
  <testcase classname="api.test.userPOSTInvalidTest" name="testPOSTInvalidRequests" time="9.114"/>
  <testcase classname="api.test.getInvalidTest" name="testGetUserWithInvalidId" time="0.406"/>
  <testcase classname="api.test.getInvalidTest" name="testGetUserWithInvalidId" time="0.406"/>
  <testcase classname="api.test.getInvalidTest" name="testGetUserWithInvalidIdAlphaNum" time="0.385"/>
  <testcase classname="api.test.getInvalidTest" name="testGetUserWithInvalidIdAlphaNum" time="0.441"/>
  <testcase classname="api.test.getInvalidTest" name="testGetUserWithoneInvalidId" time="0.383"/>
  <testcase classname="api.test.userUpdateInvalidTest" name="testPutRequests" time="8.169"/>
  <testcase classname="api.test.userUpdateInvalidTest" name="testUsingUserObject" time="0.581"/>
  <testcase classname="api.test.userUpdateInvalidTest" name="testDeleteUserByIDObject" time="0.429"/>
  <testcase classname="api.test.deleteInvalidTest" name="testGetUserWithInvalidId" time="0.429"/>
  <testcase classname="api.test.deleteInvalidTest" name="testGetUserWithInvalidId" time="0.398"/>
  <testcase classname="api.test.deleteInvalidTest" name="testGetUserWithInvalidIdAlphaNum" time="0.403"/>
  <testcase classname="api.test.deleteInvalidTest" name="testGetUserWithInvalidIdAlphaNum" time="0.391"/>
</testsuite> <!-- Test -->
