<?xml version="1.0" encoding="UTF-8"?>
<testng-results ignored="0" total="23" passed="23" failed="0" skipped="0">
  <reporter-output>
  </reporter-output>
  <suite started-at="2024-05-24T10:38:30 GMT-04:00" name="Suite" finished-at="2024-05-24T10:39:06 GMT-04:00" duration-ms="36349">
    <groups>
    </groups>
    <test started-at="2024-05-24T10:38:30 GMT-04:00" name="Test" finished-at="2024-05-24T10:39:06 GMT-04:00" duration-ms="36349">
      <class name="api.test.getInvalidTest">
        <test-method is-config="true" signature="setupData()[pri:0, instance:api.test.getInvalidTest@53692008]" started-at="2024-05-24T10:38:53 GMT-04:00" name="setupData" finished-at="2024-05-24T10:38:53 GMT-04:00" duration-ms="3" status="PASS">
          <reporter-output>
          </reporter-output>
        </test-method> <!-- setupData -->
        <test-method signature="testGetUserWithInvalidId(int)[pri:0, instance:api.test.getInvalidTest@53692008]" started-at="2024-05-24T10:38:53 GMT-04:00" name="testGetUserWithInvalidId" data-provider="invalidUserIds" finished-at="2024-05-24T10:38:53 GMT-04:00" duration-ms="406" status="PASS">
          <params>
            <param index="0">
              <value>
                <![CDATA[9999]]>
              </value>
            </param>
          </params>
          <reporter-output>
          </reporter-output>
        </test-method> <!-- testGetUserWithInvalidId -->
        <test-method signature="testGetUserWithInvalidId(int)[pri:0, instance:api.test.getInvalidTest@53692008]" started-at="2024-05-24T10:38:53 GMT-04:00" name="testGetUserWithInvalidId" data-provider="invalidUserIds" finished-at="2024-05-24T10:38:54 GMT-04:00" duration-ms="406" status="PASS">
          <params>
            <param index="0">
              <value>
                <![CDATA[123456789]]>
              </value>
            </param>
          </params>
          <reporter-output>
          </reporter-output>
        </test-method> <!-- testGetUserWithInvalidId -->
        <test-method signature="testGetUserWithInvalidIdAlphaNum(java.lang.String)[pri:0, instance:api.test.getInvalidTest@53692008]" started-at="2024-05-24T10:38:54 GMT-04:00" name="testGetUserWithInvalidIdAlphaNum" data-provider="invalidUserIdsAN" finished-at="2024-05-24T10:38:54 GMT-04:00" duration-ms="385" status="PASS">
          <params>
            <param index="0">
              <value>
                <![CDATA[Abc]]>
              </value>
            </param>
          </params>
          <reporter-output>
          </reporter-output>
        </test-method> <!-- testGetUserWithInvalidIdAlphaNum -->
        <test-method signature="testGetUserWithInvalidIdAlphaNum(java.lang.String)[pri:0, instance:api.test.getInvalidTest@53692008]" started-at="2024-05-24T10:38:54 GMT-04:00" name="testGetUserWithInvalidIdAlphaNum" data-provider="invalidUserIdsAN" finished-at="2024-05-24T10:38:55 GMT-04:00" duration-ms="441" status="PASS">
          <params>
            <param index="0">
              <value>
                <![CDATA[A-12]]>
              </value>
            </param>
          </params>
          <reporter-output>
          </reporter-output>
        </test-method> <!-- testGetUserWithInvalidIdAlphaNum -->
        <test-method signature="testGetUserWithoneInvalidId()[pri:0, instance:api.test.getInvalidTest@53692008]" started-at="2024-05-24T10:38:55 GMT-04:00" name="testGetUserWithoneInvalidId" finished-at="2024-05-24T10:38:55 GMT-04:00" duration-ms="383" status="PASS">
          <reporter-output>
          </reporter-output>
        </test-method> <!-- testGetUserWithoneInvalidId -->
      </class> <!-- api.test.getInvalidTest -->
      <class name="api.test.Authentication">
        <test-method signature="testBasicAuthentication()[pri:1, instance:api.test.Authentication@43826ec]" started-at="2024-05-24T10:38:34 GMT-04:00" name="testBasicAuthentication" finished-at="2024-05-24T10:38:36 GMT-04:00" duration-ms="1642" status="PASS">
          <reporter-output>
          </reporter-output>
        </test-method> <!-- testBasicAuthentication -->
        <test-method signature="testDigestAuthentication()[pri:2, instance:api.test.Authentication@43826ec]" started-at="2024-05-24T10:38:36 GMT-04:00" name="testDigestAuthentication" finished-at="2024-05-24T10:38:37 GMT-04:00" duration-ms="1617" status="PASS">
          <reporter-output>
          </reporter-output>
        </test-method> <!-- testDigestAuthentication -->
        <test-method signature="testPreemptiveAuthentication()[pri:3, instance:api.test.Authentication@43826ec]" started-at="2024-05-24T10:38:37 GMT-04:00" name="testPreemptiveAuthentication" finished-at="2024-05-24T10:38:39 GMT-04:00" duration-ms="1454" status="PASS">
          <reporter-output>
          </reporter-output>
        </test-method> <!-- testPreemptiveAuthentication -->
        <test-method signature="testBasicAuthenticationInvalid()[pri:4, instance:api.test.Authentication@43826ec]" started-at="2024-05-24T10:38:39 GMT-04:00" name="testBasicAuthenticationInvalid" finished-at="2024-05-24T10:38:39 GMT-04:00" duration-ms="409" status="PASS">
          <reporter-output>
          </reporter-output>
        </test-method> <!-- testBasicAuthenticationInvalid -->
      </class> <!-- api.test.Authentication -->
      <class name="api.test.userUpdateInvalidTest">
        <test-method is-config="true" signature="setupData()[pri:0, instance:api.test.userUpdateInvalidTest@7b2a3ff8]" started-at="2024-05-24T10:38:55 GMT-04:00" name="setupData" finished-at="2024-05-24T10:38:55 GMT-04:00" duration-ms="3" status="PASS">
          <reporter-output>
          </reporter-output>
        </test-method> <!-- setupData -->
        <test-method signature="testPutRequests(org.testng.ITestContext)[pri:1, instance:api.test.userUpdateInvalidTest@7b2a3ff8]" started-at="2024-05-24T10:38:55 GMT-04:00" name="testPutRequests" finished-at="2024-05-24T10:39:03 GMT-04:00" duration-ms="8169" status="PASS">
          <params>
            <param index="0">
              <value>
                <![CDATA[org.testng.TestRunner@1dc37d4f]]>
              </value>
            </param>
          </params>
          <reporter-output>
          </reporter-output>
        </test-method> <!-- testPutRequests -->
        <test-method signature="testUsingUserObject(org.testng.ITestContext)[pri:1, instance:api.test.userUpdateInvalidTest@7b2a3ff8]" started-at="2024-05-24T10:39:03 GMT-04:00" name="testUsingUserObject" finished-at="2024-05-24T10:39:04 GMT-04:00" duration-ms="581" status="PASS">
          <params>
            <param index="0">
              <value>
                <![CDATA[org.testng.TestRunner@1dc37d4f]]>
              </value>
            </param>
          </params>
          <reporter-output>
          </reporter-output>
        </test-method> <!-- testUsingUserObject -->
        <test-method signature="testDeleteUserByIDObject(org.testng.ITestContext)[pri:2, instance:api.test.userUpdateInvalidTest@7b2a3ff8]" started-at="2024-05-24T10:39:04 GMT-04:00" name="testDeleteUserByIDObject" finished-at="2024-05-24T10:39:04 GMT-04:00" duration-ms="429" status="PASS">
          <params>
            <param index="0">
              <value>
                <![CDATA[org.testng.TestRunner@1dc37d4f]]>
              </value>
            </param>
          </params>
          <reporter-output>
          </reporter-output>
        </test-method> <!-- testDeleteUserByIDObject -->
      </class> <!-- api.test.userUpdateInvalidTest -->
      <class name="api.test.deleteInvalidTest">
        <test-method is-config="true" signature="setup()[pri:0, instance:api.test.deleteInvalidTest@1bbae752]" started-at="2024-05-24T10:39:04 GMT-04:00" name="setup" finished-at="2024-05-24T10:39:04 GMT-04:00" duration-ms="1" status="PASS">
          <reporter-output>
          </reporter-output>
        </test-method> <!-- setup -->
        <test-method signature="testGetUserWithInvalidId(int)[pri:0, instance:api.test.deleteInvalidTest@1bbae752]" started-at="2024-05-24T10:39:04 GMT-04:00" name="testGetUserWithInvalidId" data-provider="invalidUserIds" finished-at="2024-05-24T10:39:05 GMT-04:00" duration-ms="429" status="PASS">
          <params>
            <param index="0">
              <value>
                <![CDATA[9999]]>
              </value>
            </param>
          </params>
          <reporter-output>
          </reporter-output>
        </test-method> <!-- testGetUserWithInvalidId -->
        <test-method signature="testGetUserWithInvalidId(int)[pri:0, instance:api.test.deleteInvalidTest@1bbae752]" started-at="2024-05-24T10:39:05 GMT-04:00" name="testGetUserWithInvalidId" data-provider="invalidUserIds" finished-at="2024-05-24T10:39:05 GMT-04:00" duration-ms="398" status="PASS">
          <params>
            <param index="0">
              <value>
                <![CDATA[123456789]]>
              </value>
            </param>
          </params>
          <reporter-output>
          </reporter-output>
        </test-method> <!-- testGetUserWithInvalidId -->
        <test-method signature="testGetUserWithInvalidIdAlphaNum(java.lang.String)[pri:0, instance:api.test.deleteInvalidTest@1bbae752]" started-at="2024-05-24T10:39:05 GMT-04:00" name="testGetUserWithInvalidIdAlphaNum" data-provider="invalidUserIdsAN" finished-at="2024-05-24T10:39:05 GMT-04:00" duration-ms="403" status="PASS">
          <params>
            <param index="0">
              <value>
                <![CDATA[Abc]]>
              </value>
            </param>
          </params>
          <reporter-output>
          </reporter-output>
        </test-method> <!-- testGetUserWithInvalidIdAlphaNum -->
        <test-method signature="testGetUserWithInvalidIdAlphaNum(java.lang.String)[pri:0, instance:api.test.deleteInvalidTest@1bbae752]" started-at="2024-05-24T10:39:05 GMT-04:00" name="testGetUserWithInvalidIdAlphaNum" data-provider="invalidUserIdsAN" finished-at="2024-05-24T10:39:06 GMT-04:00" duration-ms="391" status="PASS">
          <params>
            <param index="0">
              <value>
                <![CDATA[A-12]]>
              </value>
            </param>
          </params>
          <reporter-output>
          </reporter-output>
        </test-method> <!-- testGetUserWithInvalidIdAlphaNum -->
      </class> <!-- api.test.deleteInvalidTest -->
      <class name="api.test.jsonSchemaValidation">
        <test-method signature="jsonSchemavalidation()[pri:1, instance:api.test.jsonSchemaValidation@304a3655]" started-at="2024-05-24T10:38:30 GMT-04:00" name="jsonSchemavalidation" finished-at="2024-05-24T10:38:34 GMT-04:00" duration-ms="3942" status="PASS">
          <reporter-output>
          </reporter-output>
        </test-method> <!-- jsonSchemavalidation -->
      </class> <!-- api.test.jsonSchemaValidation -->
      <class name="api.test.UserTests2">
        <test-method is-config="true" signature="setupDataCreate()[pri:0, instance:api.test.UserTests2@1bcf67e8]" started-at="2024-05-24T10:38:39 GMT-04:00" name="setupDataCreate" finished-at="2024-05-24T10:38:40 GMT-04:00" duration-ms="658" status="PASS">
          <reporter-output>
          </reporter-output>
        </test-method> <!-- setupDataCreate -->
        <test-method signature="testCreateUserObject(org.testng.ITestContext)[pri:1, instance:api.test.UserTests2@1bcf67e8]" started-at="2024-05-24T10:38:40 GMT-04:00" name="testCreateUserObject" finished-at="2024-05-24T10:38:42 GMT-04:00" duration-ms="1596" status="PASS">
          <params>
            <param index="0">
              <value>
                <![CDATA[org.testng.TestRunner@1dc37d4f]]>
              </value>
            </param>
          </params>
          <reporter-output>
          </reporter-output>
        </test-method> <!-- testCreateUserObject -->
        <test-method signature="testGetById(org.testng.ITestContext)[pri:2, instance:api.test.UserTests2@1bcf67e8]" started-at="2024-05-24T10:38:42 GMT-04:00" name="testGetById" finished-at="2024-05-24T10:38:42 GMT-04:00" duration-ms="424" status="PASS">
          <params>
            <param index="0">
              <value>
                <![CDATA[org.testng.TestRunner@1dc37d4f]]>
              </value>
            </param>
          </params>
          <reporter-output>
          </reporter-output>
        </test-method> <!-- testGetById -->
        <test-method signature="testGetUserByUserName(org.testng.ITestContext)[pri:3, instance:api.test.UserTests2@1bcf67e8]" started-at="2024-05-24T10:38:42 GMT-04:00" name="testGetUserByUserName" finished-at="2024-05-24T10:38:43 GMT-04:00" duration-ms="516" status="PASS">
          <params>
            <param index="0">
              <value>
                <![CDATA[org.testng.TestRunner@1dc37d4f]]>
              </value>
            </param>
          </params>
          <reporter-output>
          </reporter-output>
        </test-method> <!-- testGetUserByUserName -->
        <test-method signature="testUpdateUserObject(org.testng.ITestContext)[pri:4, instance:api.test.UserTests2@1bcf67e8]" started-at="2024-05-24T10:38:43 GMT-04:00" name="testUpdateUserObject" finished-at="2024-05-24T10:38:43 GMT-04:00" duration-ms="765" status="PASS">
          <params>
            <param index="0">
              <value>
                <![CDATA[org.testng.TestRunner@1dc37d4f]]>
              </value>
            </param>
          </params>
          <reporter-output>
          </reporter-output>
        </test-method> <!-- testUpdateUserObject -->
        <test-method signature="testDeleteUserByIDObject(org.testng.ITestContext)[pri:5, instance:api.test.UserTests2@1bcf67e8]" started-at="2024-05-24T10:38:43 GMT-04:00" name="testDeleteUserByIDObject" finished-at="2024-05-24T10:38:44 GMT-04:00" duration-ms="543" status="PASS">
          <params>
            <param index="0">
              <value>
                <![CDATA[org.testng.TestRunner@1dc37d4f]]>
              </value>
            </param>
          </params>
          <reporter-output>
          </reporter-output>
        </test-method> <!-- testDeleteUserByIDObject -->
      </class> <!-- api.test.UserTests2 -->
      <class name="api.test.userPOSTInvalidTest">
        <test-method is-config="true" signature="setupData()[pri:0, instance:api.test.userPOSTInvalidTest@5f404594]" started-at="2024-05-24T10:38:44 GMT-04:00" name="setupData" finished-at="2024-05-24T10:38:44 GMT-04:00" duration-ms="0" status="PASS">
          <reporter-output>
          </reporter-output>
        </test-method> <!-- setupData -->
        <test-method signature="testPOSTInvalidRequests()[pri:1, instance:api.test.userPOSTInvalidTest@5f404594]" started-at="2024-05-24T10:38:44 GMT-04:00" name="testPOSTInvalidRequests" finished-at="2024-05-24T10:38:53 GMT-04:00" duration-ms="9114" status="PASS">
          <reporter-output>
          </reporter-output>
        </test-method> <!-- testPOSTInvalidRequests -->
      </class> <!-- api.test.userPOSTInvalidTest -->
    </test> <!-- Test -->
  </suite> <!-- Suite -->
</testng-results>
