<?xml version="1.0" encoding="UTF-8"?>
<testsuite xmlns:xsi="http://www.w3.org/2001/XMLSchema-instance" xsi:noNamespaceSchemaLocation="https://maven.apache.org/surefire/maven-surefire-plugin/xsd/surefire-test-report-3.0.xsd" version="3.0" name="api.test.UserTests" time="5.901" tests="5" errors="0" skipped="0" failures="0">
  <properties>
[...]
</properties>
  <testcase name="testCreateUserObject[org.testng.TestRunner@42e3ede4](1)" classname="api.test.UserTests" time="2.846">
    <system-out><![CDATA[Request method:	POST
Request URI:	https://userserviceapi-a54ceee3346a.herokuapp.com/uap/createusers
Proxy:			<none>
Request params:	<none>
Query params:	<none>
Form params:	<none>
Path params:	<none>
Headers:		Accept=*/*
				Content-Type=application/json
Cookies:		<none>
Multiparts:		<none>
Body:
{
    "user_first_name": "ganesha",
    "user_last_name": "Dandekar",
    "user_contact_number": 7114073890,
    "user_email_id": "ay1yk1@gmail.com",
    "userAddress": {
        "plotNumber": "307-A",
        "street": "Mason",
        "state": "PA",
        "country": "USA",
        "zipCode": 12345
    }
}
MYYY CODEEEEUU{"userAddress":{"addressId":8398,"plotNumber":"307-A","street":"Mason","state":"PA","country":"USA","zipCode":12345},"user_id":8397,"user_first_name":"ganesha","user_last_name":"Dandekar","user_contact_number":7114073890,"user_email_id":"ay1yk1@gmail.com","creation_time":"2024-05-22T18:56:51.149+00:00","last_mod_time":"2024-05-22T18:56:51.149+00:00"}
HTTP/1.1 201 
Server: Cowboy
Report-To: {"group":"heroku-nel","max_age":3600,"endpoints":[{"url":"https://nel.heroku.com/reports?ts=1716404210&sid=e11707d5-02a7-43ef-b45e-2cf4d2036f7d&s=xtqkt4D64riKfsMkeA6VbxvuOnO4sZPhGwyLBG3jVek%3D"}]}
Reporting-Endpoints: heroku-nel=https://nel.heroku.com/reports?ts=1716404210&sid=e11707d5-02a7-43ef-b45e-2cf4d2036f7d&s=xtqkt4D64riKfsMkeA6VbxvuOnO4sZPhGwyLBG3jVek%3D
Nel: {"report_to":"heroku-nel","max_age":3600,"success_fraction":0.005,"failure_fraction":0.05,"response_headers":["Via"]}
Connection: keep-alive
Set-Cookie: JSESSIONID=EB552A94881E87C54E6873ADF1826349; Path=/; Secure; HttpOnly
X-Content-Type-Options: nosniff
X-Xss-Protection: 1; mode=block
Cache-Control: no-cache, no-store, max-age=0, must-revalidate
Pragma: no-cache
Expires: 0
Strict-Transport-Security: max-age=31536000 ; includeSubDomains
X-Frame-Options: DENY
Content-Type: application/json
Transfer-Encoding: chunked
Date: Wed, 22 May 2024 18:56:50 GMT
Via: 1.1 vegur

{
    "userAddress": {
        "addressId": 8398,
        "plotNumber": "307-A",
        "street": "Mason",
        "state": "PA",
        "country": "USA",
        "zipCode": 12345
    },
    "user_id": 8397,
    "user_first_name": "ganesha",
    "user_last_name": "Dandekar",
    "user_contact_number": 7114073890,
    "user_email_id": "ay1yk1@gmail.com",
    "creation_time": "2024-05-22T18:56:51.149+00:00",
    "last_mod_time": "2024-05-22T18:56:51.149+00:00"
}
Response body:
{"userAddress":{"addressId":8398,"plotNumber":"307-A","street":"Mason","state":"PA","country":"USA","zipCode":12345},"user_id":8397,"user_first_name":"ganesha","user_last_name":"Dandekar","user_contact_number":7114073890,"user_email_id":"ay1yk1@gmail.com","creation_time":"2024-05-22T18:56:51.149+00:00","last_mod_time":"2024-05-22T18:56:51.149+00:00"}
]]></system-out>
    <system-err><![CDATA[SLF4J: Failed to load class "org.slf4j.impl.StaticLoggerBinder".
SLF4J: Defaulting to no-operation (NOP) logger implementation
SLF4J: See http://www.slf4j.org/codes.html#StaticLoggerBinder for further details.
]]></system-err>
  </testcase>
  <testcase name="testGetById[org.testng.TestRunner@42e3ede4](1)" classname="api.test.UserTests" time="0.496">
    <system-out><![CDATA[HTTP/1.1 200 
Server: Cowboy
Report-To: {"group":"heroku-nel","max_age":3600,"endpoints":[{"url":"https://nel.heroku.com/reports?ts=1716404212&sid=e11707d5-02a7-43ef-b45e-2cf4d2036f7d&s=3e6SsyvURf29Iq28%2Fh%2FOMGPY0ydK4tBEek72lwxMBvQ%3D"}]}
Reporting-Endpoints: heroku-nel=https://nel.heroku.com/reports?ts=1716404212&sid=e11707d5-02a7-43ef-b45e-2cf4d2036f7d&s=3e6SsyvURf29Iq28%2Fh%2FOMGPY0ydK4tBEek72lwxMBvQ%3D
Nel: {"report_to":"heroku-nel","max_age":3600,"success_fraction":0.005,"failure_fraction":0.05,"response_headers":["Via"]}
Connection: keep-alive
Set-Cookie: JSESSIONID=66A115F6D722EE70DEC5DB27B2EEACD8; Path=/; Secure; HttpOnly
X-Content-Type-Options: nosniff
X-Xss-Protection: 1; mode=block
Cache-Control: no-cache, no-store, max-age=0, must-revalidate
Pragma: no-cache
Expires: 0
Strict-Transport-Security: max-age=31536000 ; includeSubDomains
X-Frame-Options: DENY
Content-Type: application/json
Transfer-Encoding: chunked
Date: Wed, 22 May 2024 18:56:52 GMT
Via: 1.1 vegur

{
    "userAddress": {
        "addressId": 8398,
        "plotNumber": "307-A",
        "street": "Mason",
        "state": "PA",
        "country": "USA",
        "zipCode": 12345
    },
    "user_id": 8397,
    "user_first_name": "ganesha",
    "user_last_name": "Dandekar",
    "user_contact_number": 7114073890,
    "user_email_id": "ay1yk1@gmail.com",
    "creation_time": "2024-05-22T18:56:51.149+00:00",
    "last_mod_time": "2024-05-22T18:56:51.149+00:00"
}
]]></system-out>
  </testcase>
  <testcase name="testGetUserByUserName[org.testng.TestRunner@42e3ede4](1)" classname="api.test.UserTests" time="0.445">
    <system-out><![CDATA[HTTP/1.1 200 
Server: Cowboy
Report-To: {"group":"heroku-nel","max_age":3600,"endpoints":[{"url":"https://nel.heroku.com/reports?ts=1716404212&sid=e11707d5-02a7-43ef-b45e-2cf4d2036f7d&s=3e6SsyvURf29Iq28%2Fh%2FOMGPY0ydK4tBEek72lwxMBvQ%3D"}]}
Reporting-Endpoints: heroku-nel=https://nel.heroku.com/reports?ts=1716404212&sid=e11707d5-02a7-43ef-b45e-2cf4d2036f7d&s=3e6SsyvURf29Iq28%2Fh%2FOMGPY0ydK4tBEek72lwxMBvQ%3D
Nel: {"report_to":"heroku-nel","max_age":3600,"success_fraction":0.005,"failure_fraction":0.05,"response_headers":["Via"]}
Connection: keep-alive
Set-Cookie: JSESSIONID=601A7995701358E6342DF23091CD2A10; Path=/; Secure; HttpOnly
X-Content-Type-Options: nosniff
X-Xss-Protection: 1; mode=block
Cache-Control: no-cache, no-store, max-age=0, must-revalidate
Pragma: no-cache
Expires: 0
Strict-Transport-Security: max-age=31536000 ; includeSubDomains
X-Frame-Options: DENY
Content-Type: application/json
Transfer-Encoding: chunked
Date: Wed, 22 May 2024 18:56:52 GMT
Via: 1.1 vegur

[
    {
        "userAddress": {
            "addressId": 8398,
            "plotNumber": "307-A",
            "street": "Mason",
            "state": "PA",
            "country": "USA",
            "zipCode": 12345
        },
        "user_id": 8397,
        "user_first_name": "ganesha",
        "user_last_name": "Dandekar",
        "user_contact_number": 7114073890,
        "user_email_id": "ay1yk1@gmail.com",
        "creation_time": "2024-05-22T18:56:51.149+00:00",
        "last_mod_time": "2024-05-22T18:56:51.149+00:00"
    }
]
]]></system-out>
  </testcase>
  <testcase name="testUpdateUserObject[org.testng.TestRunner@42e3ede4](1)" classname="api.test.UserTests" time="0.533">
    <system-out><![CDATA[HTTP/1.1 200 
Server: Cowboy
Report-To: {"group":"heroku-nel","max_age":3600,"endpoints":[{"url":"https://nel.heroku.com/reports?ts=1716404212&sid=e11707d5-02a7-43ef-b45e-2cf4d2036f7d&s=3e6SsyvURf29Iq28%2Fh%2FOMGPY0ydK4tBEek72lwxMBvQ%3D"}]}
Reporting-Endpoints: heroku-nel=https://nel.heroku.com/reports?ts=1716404212&sid=e11707d5-02a7-43ef-b45e-2cf4d2036f7d&s=3e6SsyvURf29Iq28%2Fh%2FOMGPY0ydK4tBEek72lwxMBvQ%3D
Nel: {"report_to":"heroku-nel","max_age":3600,"success_fraction":0.005,"failure_fraction":0.05,"response_headers":["Via"]}
Connection: keep-alive
Set-Cookie: JSESSIONID=573BC299DCE97964C4AE93EEE8A2D6A5; Path=/; Secure; HttpOnly
X-Content-Type-Options: nosniff
X-Xss-Protection: 1; mode=block
Cache-Control: no-cache, no-store, max-age=0, must-revalidate
Pragma: no-cache
Expires: 0
Strict-Transport-Security: max-age=31536000 ; includeSubDomains
X-Frame-Options: DENY
Content-Type: application/json
Transfer-Encoding: chunked
Date: Wed, 22 May 2024 18:56:53 GMT
Via: 1.1 vegur

{
    "userAddress": {
        "addressId": 8398,
        "plotNumber": "307-A",
        "street": "Mason",
        "state": "PA",
        "country": "USA",
        "zipCode": 12345
    },
    "user_id": 8397,
    "user_first_name": "shiva",
    "user_last_name": "Dandekar",
    "user_contact_number": 9874073890,
    "user_email_id": "restassured@gmail.com",
    "creation_time": "2024-05-22T18:56:51.149+00:00",
    "last_mod_time": "2024-05-22T18:56:53.233+00:00"
}
]]></system-out>
  </testcase>
  <testcase name="testDeleteUserByIDObject[org.testng.TestRunner@42e3ede4](1)" classname="api.test.UserTests" time="0.441">
    <system-out><![CDATA[HTTP/1.1 200 
Server: Cowboy
Report-To: {"group":"heroku-nel","max_age":3600,"endpoints":[{"url":"https://nel.heroku.com/reports?ts=1716404213&sid=e11707d5-02a7-43ef-b45e-2cf4d2036f7d&s=nmC%2BbWDxYWHlZBZ6TiNDV7SOjPFRf78l1abwWEaLm%2BM%3D"}]}
Reporting-Endpoints: heroku-nel=https://nel.heroku.com/reports?ts=1716404213&sid=e11707d5-02a7-43ef-b45e-2cf4d2036f7d&s=nmC%2BbWDxYWHlZBZ6TiNDV7SOjPFRf78l1abwWEaLm%2BM%3D
Nel: {"report_to":"heroku-nel","max_age":3600,"success_fraction":0.005,"failure_fraction":0.05,"response_headers":["Via"]}
Connection: keep-alive
Set-Cookie: JSESSIONID=457DF2F3F7B6C2AA6EA5CCC9099B2FD0; Path=/; Secure; HttpOnly
X-Content-Type-Options: nosniff
X-Xss-Protection: 1; mode=block
Cache-Control: no-cache, no-store, max-age=0, must-revalidate
Pragma: no-cache
Expires: 0
Strict-Transport-Security: max-age=31536000 ; includeSubDomains
X-Frame-Options: DENY
Content-Type: application/json
Transfer-Encoding: chunked
Date: Wed, 22 May 2024 18:56:53 GMT
Via: 1.1 vegur

{
    "status": "Success",
    "message": "User is deleted successfully"
}
]]></system-out>
  </testcase>
</testsuite>