<?xml version="1.0" encoding="UTF-8"?>
<testsuite xmlns:xsi="http://www.w3.org/2001/XMLSchema-instance" xsi:noNamespaceSchemaLocation="https://maven.apache.org/surefire/maven-surefire-plugin/xsd/surefire-test-report-3.0.xsd" version="3.0" name="TestSuite" time="6.687" tests="5" errors="0" skipped="0" failures="0">
  <properties>
[...]
</properties>
  <testcase name="testCreateUserObject[org.testng.TestRunner@6b9267b](1)" classname="api.test.UserTests2" time="3.142">
    <system-out><![CDATA[Request method:	POST
Request URI:	https://userserviceapi-a54ceee3346a.herokuapp.com/uap/createusers
Proxy:			<none>
Request params:	<none>
Query params:	<none>
Form params:	<none>
Path params:	<none>
Headers:		Accept=*/*
				Content-Type=application/json
Cookies:		<none>
Multiparts:		<none>
Body:
{
    "user_first_name": "ganesha",
    "user_last_name": "Dandekar",
    "user_contact_number": 7114073890,
    "user_email_id": "ay1yk1@gmail.com",
    "userAddress": {
        "plotNumber": "307-A",
        "street": "Mason",
        "state": "PA",
        "country": "USA",
        "zipCode": 12345
    }
}
MYYY CODEEEEUU{"userAddress":{"addressId":8399,"plotNumber":"307-A","street":"Mason","state":"PA","country":"USA","zipCode":12345},"user_id":8398,"user_first_name":"ganesha","user_last_name":"Dandekar","user_contact_number":7114073890,"user_email_id":"ay1yk1@gmail.com","creation_time":"2024-05-22T18:58:22.195+00:00","last_mod_time":"2024-05-22T18:58:22.195+00:00"}
HTTP/1.1 201 
Server: Cowboy
Report-To: {"group":"heroku-nel","max_age":3600,"endpoints":[{"url":"https://nel.heroku.com/reports?ts=1716404301&sid=e11707d5-02a7-43ef-b45e-2cf4d2036f7d&s=2b0TGmNKWG%2BorrLZI772u65djGdCOUijyHZWqoAdnE4%3D"}]}
Reporting-Endpoints: heroku-nel=https://nel.heroku.com/reports?ts=1716404301&sid=e11707d5-02a7-43ef-b45e-2cf4d2036f7d&s=2b0TGmNKWG%2BorrLZI772u65djGdCOUijyHZWqoAdnE4%3D
Nel: {"report_to":"heroku-nel","max_age":3600,"success_fraction":0.005,"failure_fraction":0.05,"response_headers":["Via"]}
Connection: keep-alive
Set-Cookie: JSESSIONID=086D085E9349A6C8BD8B28405F6E5610; Path=/; Secure; HttpOnly
X-Content-Type-Options: nosniff
X-Xss-Protection: 1; mode=block
Cache-Control: no-cache, no-store, max-age=0, must-revalidate
Pragma: no-cache
Expires: 0
Strict-Transport-Security: max-age=31536000 ; includeSubDomains
X-Frame-Options: DENY
Content-Type: application/json
Transfer-Encoding: chunked
Date: Wed, 22 May 2024 18:58:21 GMT
Via: 1.1 vegur

{
    "userAddress": {
        "addressId": 8399,
        "plotNumber": "307-A",
        "street": "Mason",
        "state": "PA",
        "country": "USA",
        "zipCode": 12345
    },
    "user_id": 8398,
    "user_first_name": "ganesha",
    "user_last_name": "Dandekar",
    "user_contact_number": 7114073890,
    "user_email_id": "ay1yk1@gmail.com",
    "creation_time": "2024-05-22T18:58:22.195+00:00",
    "last_mod_time": "2024-05-22T18:58:22.195+00:00"
}
Response body:
{"userAddress":{"addressId":8399,"plotNumber":"307-A","street":"Mason","state":"PA","country":"USA","zipCode":12345},"user_id":8398,"user_first_name":"ganesha","user_last_name":"Dandekar","user_contact_number":7114073890,"user_email_id":"ay1yk1@gmail.com","creation_time":"2024-05-22T18:58:22.195+00:00","last_mod_time":"2024-05-22T18:58:22.195+00:00"}
]]></system-out>
    <system-err><![CDATA[SLF4J: Failed to load class "org.slf4j.impl.StaticLoggerBinder".
SLF4J: Defaulting to no-operation (NOP) logger implementation
SLF4J: See http://www.slf4j.org/codes.html#StaticLoggerBinder for further details.
]]></system-err>
  </testcase>
  <testcase name="testGetById[org.testng.TestRunner@6b9267b](1)" classname="api.test.UserTests2" time="0.502">
    <system-out><![CDATA[HTTP/1.1 200 
Server: Cowboy
Report-To: {"group":"heroku-nel","max_age":3600,"endpoints":[{"url":"https://nel.heroku.com/reports?ts=1716404303&sid=e11707d5-02a7-43ef-b45e-2cf4d2036f7d&s=M6J0v%2BH495eiAGZY%2BG4wa%2BNmfhNslAEDI%2F%2BzN9zTJ5I%3D"}]}
Reporting-Endpoints: heroku-nel=https://nel.heroku.com/reports?ts=1716404303&sid=e11707d5-02a7-43ef-b45e-2cf4d2036f7d&s=M6J0v%2BH495eiAGZY%2BG4wa%2BNmfhNslAEDI%2F%2BzN9zTJ5I%3D
Nel: {"report_to":"heroku-nel","max_age":3600,"success_fraction":0.005,"failure_fraction":0.05,"response_headers":["Via"]}
Connection: keep-alive
Set-Cookie: JSESSIONID=A5816458927BE8A02CA738153470F369; Path=/; Secure; HttpOnly
X-Content-Type-Options: nosniff
X-Xss-Protection: 1; mode=block
Cache-Control: no-cache, no-store, max-age=0, must-revalidate
Pragma: no-cache
Expires: 0
Strict-Transport-Security: max-age=31536000 ; includeSubDomains
X-Frame-Options: DENY
Content-Type: application/json
Transfer-Encoding: chunked
Date: Wed, 22 May 2024 18:58:23 GMT
Via: 1.1 vegur

{
    "userAddress": {
        "addressId": 8399,
        "plotNumber": "307-A",
        "street": "Mason",
        "state": "PA",
        "country": "USA",
        "zipCode": 12345
    },
    "user_id": 8398,
    "user_first_name": "ganesha",
    "user_last_name": "Dandekar",
    "user_contact_number": 7114073890,
    "user_email_id": "ay1yk1@gmail.com",
    "creation_time": "2024-05-22T18:58:22.195+00:00",
    "last_mod_time": "2024-05-22T18:58:22.195+00:00"
}
]]></system-out>
  </testcase>
  <testcase name="testGetUserByUserName[org.testng.TestRunner@6b9267b](1)" classname="api.test.UserTests2" time="0.467">
    <system-out><![CDATA[HTTP/1.1 200 
Server: Cowboy
Report-To: {"group":"heroku-nel","max_age":3600,"endpoints":[{"url":"https://nel.heroku.com/reports?ts=1716404303&sid=e11707d5-02a7-43ef-b45e-2cf4d2036f7d&s=M6J0v%2BH495eiAGZY%2BG4wa%2BNmfhNslAEDI%2F%2BzN9zTJ5I%3D"}]}
Reporting-Endpoints: heroku-nel=https://nel.heroku.com/reports?ts=1716404303&sid=e11707d5-02a7-43ef-b45e-2cf4d2036f7d&s=M6J0v%2BH495eiAGZY%2BG4wa%2BNmfhNslAEDI%2F%2BzN9zTJ5I%3D
Nel: {"report_to":"heroku-nel","max_age":3600,"success_fraction":0.005,"failure_fraction":0.05,"response_headers":["Via"]}
Connection: keep-alive
Set-Cookie: JSESSIONID=65AC12A7057900450A22E2A8410D7B18; Path=/; Secure; HttpOnly
X-Content-Type-Options: nosniff
X-Xss-Protection: 1; mode=block
Cache-Control: no-cache, no-store, max-age=0, must-revalidate
Pragma: no-cache
Expires: 0
Strict-Transport-Security: max-age=31536000 ; includeSubDomains
X-Frame-Options: DENY
Content-Type: application/json
Transfer-Encoding: chunked
Date: Wed, 22 May 2024 18:58:23 GMT
Via: 1.1 vegur

[
    {
        "userAddress": {
            "addressId": 8399,
            "plotNumber": "307-A",
            "street": "Mason",
            "state": "PA",
            "country": "USA",
            "zipCode": 12345
        },
        "user_id": 8398,
        "user_first_name": "ganesha",
        "user_last_name": "Dandekar",
        "user_contact_number": 7114073890,
        "user_email_id": "ay1yk1@gmail.com",
        "creation_time": "2024-05-22T18:58:22.195+00:00",
        "last_mod_time": "2024-05-22T18:58:22.195+00:00"
    }
]
]]></system-out>
  </testcase>
  <testcase name="testUpdateUserObject[org.testng.TestRunner@6b9267b](1)" classname="api.test.UserTests2" time="0.533">
    <system-out><![CDATA[HTTP/1.1 200 
Server: Cowboy
Report-To: {"group":"heroku-nel","max_age":3600,"endpoints":[{"url":"https://nel.heroku.com/reports?ts=1716404304&sid=e11707d5-02a7-43ef-b45e-2cf4d2036f7d&s=L5O0yGMr%2BkzfCsfNxodOAs28T1FXmE2nFErmW4%2F%2FeE4%3D"}]}
Reporting-Endpoints: heroku-nel=https://nel.heroku.com/reports?ts=1716404304&sid=e11707d5-02a7-43ef-b45e-2cf4d2036f7d&s=L5O0yGMr%2BkzfCsfNxodOAs28T1FXmE2nFErmW4%2F%2FeE4%3D
Nel: {"report_to":"heroku-nel","max_age":3600,"success_fraction":0.005,"failure_fraction":0.05,"response_headers":["Via"]}
Connection: keep-alive
Set-Cookie: JSESSIONID=C136348A6D4DBB7FFF55730EFD7C9DED; Path=/; Secure; HttpOnly
X-Content-Type-Options: nosniff
X-Xss-Protection: 1; mode=block
Cache-Control: no-cache, no-store, max-age=0, must-revalidate
Pragma: no-cache
Expires: 0
Strict-Transport-Security: max-age=31536000 ; includeSubDomains
X-Frame-Options: DENY
Content-Type: application/json
Transfer-Encoding: chunked
Date: Wed, 22 May 2024 18:58:24 GMT
Via: 1.1 vegur

{
    "userAddress": {
        "addressId": 8399,
        "plotNumber": "307-A",
        "street": "Mason",
        "state": "PA",
        "country": "USA",
        "zipCode": 12345
    },
    "user_id": 8398,
    "user_first_name": "shiva",
    "user_last_name": "Dandekar",
    "user_contact_number": 9874073890,
    "user_email_id": "restassured@gmail.com",
    "creation_time": "2024-05-22T18:58:22.195+00:00",
    "last_mod_time": "2024-05-22T18:58:24.373+00:00"
}
]]></system-out>
  </testcase>
  <testcase name="testDeleteUserByIDObject[org.testng.TestRunner@6b9267b](1)" classname="api.test.UserTests2" time="0.415">
    <system-out><![CDATA[HTTP/1.1 200 
Server: Cowboy
Report-To: {"group":"heroku-nel","max_age":3600,"endpoints":[{"url":"https://nel.heroku.com/reports?ts=1716404304&sid=e11707d5-02a7-43ef-b45e-2cf4d2036f7d&s=L5O0yGMr%2BkzfCsfNxodOAs28T1FXmE2nFErmW4%2F%2FeE4%3D"}]}
Reporting-Endpoints: heroku-nel=https://nel.heroku.com/reports?ts=1716404304&sid=e11707d5-02a7-43ef-b45e-2cf4d2036f7d&s=L5O0yGMr%2BkzfCsfNxodOAs28T1FXmE2nFErmW4%2F%2FeE4%3D
Nel: {"report_to":"heroku-nel","max_age":3600,"success_fraction":0.005,"failure_fraction":0.05,"response_headers":["Via"]}
Connection: keep-alive
Set-Cookie: JSESSIONID=870B0B938EB1739300763B83211404C8; Path=/; Secure; HttpOnly
X-Content-Type-Options: nosniff
X-Xss-Protection: 1; mode=block
Cache-Control: no-cache, no-store, max-age=0, must-revalidate
Pragma: no-cache
Expires: 0
Strict-Transport-Security: max-age=31536000 ; includeSubDomains
X-Frame-Options: DENY
Content-Type: application/json
Transfer-Encoding: chunked
Date: Wed, 22 May 2024 18:58:24 GMT
Via: 1.1 vegur

{
    "status": "Success",
    "message": "User is deleted successfully"
}
]]></system-out>
  </testcase>
</testsuite>