<?xml version="1.0" encoding="UTF-8"?>
<testng-results ignored="0" total="23" passed="23" failed="0" skipped="0">
  <reporter-output>
  </reporter-output>
  <suite started-at="2024-05-24T09:56:03 GMT-04:00" name="Suite" finished-at="2024-05-24T09:56:37 GMT-04:00" duration-ms="34478">
    <groups>
    </groups>
    <test started-at="2024-05-24T09:56:03 GMT-04:00" name="Test" finished-at="2024-05-24T09:56:37 GMT-04:00" duration-ms="34478">
      <class name="api.test.getInvalidTest">
        <test-method is-config="true" signature="setupData()[pri:0, instance:api.test.getInvalidTest@27b71f50]" started-at="2024-05-24T09:56:24 GMT-04:00" name="setupData" finished-at="2024-05-24T09:56:24 GMT-04:00" duration-ms="1" status="PASS">
          <reporter-output>
          </reporter-output>
        </test-method> <!-- setupData -->
        <test-method signature="testGetUserWithInvalidId(int)[pri:0, instance:api.test.getInvalidTest@27b71f50]" started-at="2024-05-24T09:56:24 GMT-04:00" name="testGetUserWithInvalidId" data-provider="invalidUserIds" finished-at="2024-05-24T09:56:25 GMT-04:00" duration-ms="419" status="PASS">
          <params>
            <param index="0">
              <value>
                <![CDATA[9999]]>
              </value>
            </param>
          </params>
          <reporter-output>
          </reporter-output>
        </test-method> <!-- testGetUserWithInvalidId -->
        <test-method signature="testGetUserWithInvalidId(int)[pri:0, instance:api.test.getInvalidTest@27b71f50]" started-at="2024-05-24T09:56:25 GMT-04:00" name="testGetUserWithInvalidId" data-provider="invalidUserIds" finished-at="2024-05-24T09:56:25 GMT-04:00" duration-ms="417" status="PASS">
          <params>
            <param index="0">
              <value>
                <![CDATA[123456789]]>
              </value>
            </param>
          </params>
          <reporter-output>
          </reporter-output>
        </test-method> <!-- testGetUserWithInvalidId -->
        <test-method signature="testGetUserWithInvalidIdAlphaNum(java.lang.String)[pri:0, instance:api.test.getInvalidTest@27b71f50]" started-at="2024-05-24T09:56:25 GMT-04:00" name="testGetUserWithInvalidIdAlphaNum" data-provider="invalidUserIdsAN" finished-at="2024-05-24T09:56:26 GMT-04:00" duration-ms="428" status="PASS">
          <params>
            <param index="0">
              <value>
                <![CDATA[Abc]]>
              </value>
            </param>
          </params>
          <reporter-output>
          </reporter-output>
        </test-method> <!-- testGetUserWithInvalidIdAlphaNum -->
        <test-method signature="testGetUserWithInvalidIdAlphaNum(java.lang.String)[pri:0, instance:api.test.getInvalidTest@27b71f50]" started-at="2024-05-24T09:56:26 GMT-04:00" name="testGetUserWithInvalidIdAlphaNum" data-provider="invalidUserIdsAN" finished-at="2024-05-24T09:56:26 GMT-04:00" duration-ms="434" status="PASS">
          <params>
            <param index="0">
              <value>
                <![CDATA[A-12]]>
              </value>
            </param>
          </params>
          <reporter-output>
          </reporter-output>
        </test-method> <!-- testGetUserWithInvalidIdAlphaNum -->
        <test-method signature="testGetUserWithoneInvalidId()[pri:0, instance:api.test.getInvalidTest@27b71f50]" started-at="2024-05-24T09:56:26 GMT-04:00" name="testGetUserWithoneInvalidId" finished-at="2024-05-24T09:56:27 GMT-04:00" duration-ms="412" status="PASS">
          <reporter-output>
          </reporter-output>
        </test-method> <!-- testGetUserWithoneInvalidId -->
      </class> <!-- api.test.getInvalidTest -->
      <class name="api.test.Authentication">
        <test-method signature="testBasicAuthentication()[pri:1, instance:api.test.Authentication@11a7ba62]" started-at="2024-05-24T09:56:08 GMT-04:00" name="testBasicAuthentication" finished-at="2024-05-24T09:56:09 GMT-04:00" duration-ms="1530" status="PASS">
          <reporter-output>
          </reporter-output>
        </test-method> <!-- testBasicAuthentication -->
        <test-method signature="testDigestAuthentication()[pri:2, instance:api.test.Authentication@11a7ba62]" started-at="2024-05-24T09:56:09 GMT-04:00" name="testDigestAuthentication" finished-at="2024-05-24T09:56:10 GMT-04:00" duration-ms="1365" status="PASS">
          <reporter-output>
          </reporter-output>
        </test-method> <!-- testDigestAuthentication -->
        <test-method signature="testPreemptiveAuthentication()[pri:3, instance:api.test.Authentication@11a7ba62]" started-at="2024-05-24T09:56:10 GMT-04:00" name="testPreemptiveAuthentication" finished-at="2024-05-24T09:56:12 GMT-04:00" duration-ms="1352" status="PASS">
          <reporter-output>
          </reporter-output>
        </test-method> <!-- testPreemptiveAuthentication -->
        <test-method signature="testBasicAuthenticationInvalid()[pri:4, instance:api.test.Authentication@11a7ba62]" started-at="2024-05-24T09:56:12 GMT-04:00" name="testBasicAuthenticationInvalid" finished-at="2024-05-24T09:56:12 GMT-04:00" duration-ms="429" status="PASS">
          <reporter-output>
          </reporter-output>
        </test-method> <!-- testBasicAuthenticationInvalid -->
      </class> <!-- api.test.Authentication -->
      <class name="api.test.userUpdateInvalidTest">
        <test-method is-config="true" signature="setupData()[pri:0, instance:api.test.userUpdateInvalidTest@383790cf]" started-at="2024-05-24T09:56:27 GMT-04:00" name="setupData" finished-at="2024-05-24T09:56:27 GMT-04:00" duration-ms="2" status="PASS">
          <reporter-output>
          </reporter-output>
        </test-method> <!-- setupData -->
        <test-method signature="testPutRequests(org.testng.ITestContext)[pri:1, instance:api.test.userUpdateInvalidTest@383790cf]" started-at="2024-05-24T09:56:27 GMT-04:00" name="testPutRequests" finished-at="2024-05-24T09:56:35 GMT-04:00" duration-ms="8025" status="PASS">
          <params>
            <param index="0">
              <value>
                <![CDATA[org.testng.TestRunner@1934a7c1]]>
              </value>
            </param>
          </params>
          <reporter-output>
          </reporter-output>
        </test-method> <!-- testPutRequests -->
        <test-method signature="testUsingUserObject(org.testng.ITestContext)[pri:1, instance:api.test.userUpdateInvalidTest@383790cf]" started-at="2024-05-24T09:56:35 GMT-04:00" name="testUsingUserObject" finished-at="2024-05-24T09:56:35 GMT-04:00" duration-ms="557" status="PASS">
          <params>
            <param index="0">
              <value>
                <![CDATA[org.testng.TestRunner@1934a7c1]]>
              </value>
            </param>
          </params>
          <reporter-output>
          </reporter-output>
        </test-method> <!-- testUsingUserObject -->
        <test-method signature="testDeleteUserByIDObject(org.testng.ITestContext)[pri:2, instance:api.test.userUpdateInvalidTest@383790cf]" started-at="2024-05-24T09:56:35 GMT-04:00" name="testDeleteUserByIDObject" finished-at="2024-05-24T09:56:36 GMT-04:00" duration-ms="446" status="PASS">
          <params>
            <param index="0">
              <value>
                <![CDATA[org.testng.TestRunner@1934a7c1]]>
              </value>
            </param>
          </params>
          <reporter-output>
          </reporter-output>
        </test-method> <!-- testDeleteUserByIDObject -->
      </class> <!-- api.test.userUpdateInvalidTest -->
      <class name="api.test.deleteInvalidTest">
        <test-method is-config="true" signature="setup()[pri:0, instance:api.test.deleteInvalidTest@74971ed9]" started-at="2024-05-24T09:56:36 GMT-04:00" name="setup" finished-at="2024-05-24T09:56:36 GMT-04:00" duration-ms="1" status="PASS">
          <reporter-output>
          </reporter-output>
        </test-method> <!-- setup -->
        <test-method signature="testGetUserWithInvalidId(int)[pri:0, instance:api.test.deleteInvalidTest@74971ed9]" started-at="2024-05-24T09:56:36 GMT-04:00" name="testGetUserWithInvalidId" data-provider="invalidUserIds" finished-at="2024-05-24T09:56:36 GMT-04:00" duration-ms="414" status="PASS">
          <params>
            <param index="0">
              <value>
                <![CDATA[9999]]>
              </value>
            </param>
          </params>
          <reporter-output>
          </reporter-output>
        </test-method> <!-- testGetUserWithInvalidId -->
        <test-method signature="testGetUserWithInvalidId(int)[pri:0, instance:api.test.deleteInvalidTest@74971ed9]" started-at="2024-05-24T09:56:36 GMT-04:00" name="testGetUserWithInvalidId" data-provider="invalidUserIds" finished-at="2024-05-24T09:56:37 GMT-04:00" duration-ms="513" status="PASS">
          <params>
            <param index="0">
              <value>
                <![CDATA[123456789]]>
              </value>
            </param>
          </params>
          <reporter-output>
          </reporter-output>
        </test-method> <!-- testGetUserWithInvalidId -->
        <test-method signature="testGetUserWithInvalidIdAlphaNum(java.lang.String)[pri:0, instance:api.test.deleteInvalidTest@74971ed9]" started-at="2024-05-24T09:56:37 GMT-04:00" name="testGetUserWithInvalidIdAlphaNum" data-provider="invalidUserIdsAN" finished-at="2024-05-24T09:56:37 GMT-04:00" duration-ms="402" status="PASS">
          <params>
            <param index="0">
              <value>
                <![CDATA[Abc]]>
              </value>
            </param>
          </params>
          <reporter-output>
          </reporter-output>
        </test-method> <!-- testGetUserWithInvalidIdAlphaNum -->
        <test-method signature="testGetUserWithInvalidIdAlphaNum(java.lang.String)[pri:0, instance:api.test.deleteInvalidTest@74971ed9]" started-at="2024-05-24T09:56:37 GMT-04:00" name="testGetUserWithInvalidIdAlphaNum" data-provider="invalidUserIdsAN" finished-at="2024-05-24T09:56:37 GMT-04:00" duration-ms="390" status="PASS">
          <params>
            <param index="0">
              <value>
                <![CDATA[A-12]]>
              </value>
            </param>
          </params>
          <reporter-output>
          </reporter-output>
        </test-method> <!-- testGetUserWithInvalidIdAlphaNum -->
      </class> <!-- api.test.deleteInvalidTest -->
      <class name="api.test.jsonSchemaValidation">
        <test-method signature="jsonSchemavalidation()[pri:1, instance:api.test.jsonSchemaValidation@2ca6546f]" started-at="2024-05-24T09:56:03 GMT-04:00" name="jsonSchemavalidation" finished-at="2024-05-24T09:56:07 GMT-04:00" duration-ms="4004" status="PASS">
          <reporter-output>
          </reporter-output>
        </test-method> <!-- jsonSchemavalidation -->
      </class> <!-- api.test.jsonSchemaValidation -->
      <class name="api.test.UserTests2">
        <test-method is-config="true" signature="setupDataCreate()[pri:0, instance:api.test.UserTests2@76075d65]" started-at="2024-05-24T09:56:12 GMT-04:00" name="setupDataCreate" finished-at="2024-05-24T09:56:13 GMT-04:00" duration-ms="637" status="PASS">
          <reporter-output>
          </reporter-output>
        </test-method> <!-- setupDataCreate -->
        <test-method signature="testCreateUserObject(org.testng.ITestContext)[pri:1, instance:api.test.UserTests2@76075d65]" started-at="2024-05-24T09:56:13 GMT-04:00" name="testCreateUserObject" finished-at="2024-05-24T09:56:14 GMT-04:00" duration-ms="1573" status="PASS">
          <params>
            <param index="0">
              <value>
                <![CDATA[org.testng.TestRunner@1934a7c1]]>
              </value>
            </param>
          </params>
          <reporter-output>
          </reporter-output>
        </test-method> <!-- testCreateUserObject -->
        <test-method signature="testGetById(org.testng.ITestContext)[pri:2, instance:api.test.UserTests2@76075d65]" started-at="2024-05-24T09:56:14 GMT-04:00" name="testGetById" finished-at="2024-05-24T09:56:15 GMT-04:00" duration-ms="431" status="PASS">
          <params>
            <param index="0">
              <value>
                <![CDATA[org.testng.TestRunner@1934a7c1]]>
              </value>
            </param>
          </params>
          <reporter-output>
          </reporter-output>
        </test-method> <!-- testGetById -->
        <test-method signature="testGetUserByUserName(org.testng.ITestContext)[pri:3, instance:api.test.UserTests2@76075d65]" started-at="2024-05-24T09:56:15 GMT-04:00" name="testGetUserByUserName" finished-at="2024-05-24T09:56:15 GMT-04:00" duration-ms="453" status="PASS">
          <params>
            <param index="0">
              <value>
                <![CDATA[org.testng.TestRunner@1934a7c1]]>
              </value>
            </param>
          </params>
          <reporter-output>
          </reporter-output>
        </test-method> <!-- testGetUserByUserName -->
        <test-method signature="testUpdateUserObject(org.testng.ITestContext)[pri:4, instance:api.test.UserTests2@76075d65]" started-at="2024-05-24T09:56:15 GMT-04:00" name="testUpdateUserObject" finished-at="2024-05-24T09:56:16 GMT-04:00" duration-ms="530" status="PASS">
          <params>
            <param index="0">
              <value>
                <![CDATA[org.testng.TestRunner@1934a7c1]]>
              </value>
            </param>
          </params>
          <reporter-output>
          </reporter-output>
        </test-method> <!-- testUpdateUserObject -->
        <test-method signature="testDeleteUserByIDObject(org.testng.ITestContext)[pri:5, instance:api.test.UserTests2@76075d65]" started-at="2024-05-24T09:56:16 GMT-04:00" name="testDeleteUserByIDObject" finished-at="2024-05-24T09:56:16 GMT-04:00" duration-ms="417" status="PASS">
          <params>
            <param index="0">
              <value>
                <![CDATA[org.testng.TestRunner@1934a7c1]]>
              </value>
            </param>
          </params>
          <reporter-output>
          </reporter-output>
        </test-method> <!-- testDeleteUserByIDObject -->
      </class> <!-- api.test.UserTests2 -->
      <class name="api.test.userPOSTInvalidTest">
        <test-method is-config="true" signature="setupData()[pri:0, instance:api.test.userPOSTInvalidTest@3a4ba480]" started-at="2024-05-24T09:56:16 GMT-04:00" name="setupData" finished-at="2024-05-24T09:56:16 GMT-04:00" duration-ms="1" status="PASS">
          <reporter-output>
          </reporter-output>
        </test-method> <!-- setupData -->
        <test-method signature="testPOSTInvalidRequests()[pri:1, instance:api.test.userPOSTInvalidTest@3a4ba480]" started-at="2024-05-24T09:56:16 GMT-04:00" name="testPOSTInvalidRequests" finished-at="2024-05-24T09:56:24 GMT-04:00" duration-ms="8084" status="PASS">
          <reporter-output>
          </reporter-output>
        </test-method> <!-- testPOSTInvalidRequests -->
      </class> <!-- api.test.userPOSTInvalidTest -->
    </test> <!-- Test -->
  </suite> <!-- Suite -->
</testng-results>
