<?xml version="1.0" encoding="UTF-8"?>
<testng-results ignored="0" total="1" passed="1" failed="0" skipped="0">
  <reporter-output>
  </reporter-output>
  <suite started-at="2024-05-23T13:54:11 GMT-04:00" name="Default suite" finished-at="2024-05-23T13:54:15 GMT-04:00" duration-ms="3914">
    <groups>
    </groups>
    <test started-at="2024-05-23T13:54:11 GMT-04:00" name="Default test" finished-at="2024-05-23T13:54:15 GMT-04:00" duration-ms="3914">
      <class name="api.test.UserTests">
        <test-method is-config="true" signature="setupData()[pri:0, instance:api.test.UserTests@31190526]" started-at="2024-05-23T13:54:12 GMT-04:00" name="setupData" finished-at="2024-05-23T13:54:12 GMT-04:00" duration-ms="620" status="PASS">
          <reporter-output>
          </reporter-output>
        </test-method> <!-- setupData -->
        <test-method signature="testPutRequests()[pri:1, instance:api.test.UserTests@31190526]" started-at="2024-05-23T13:54:12 GMT-04:00" name="testPutRequests" finished-at="2024-05-23T13:54:15 GMT-04:00" duration-ms="3238" status="PASS">
          <reporter-output>
          </reporter-output>
        </test-method> <!-- testPutRequests -->
      </class> <!-- api.test.UserTests -->
    </test> <!-- Default test -->
  </suite> <!-- Default suite -->
</testng-results>
